A51 MACRO ASSEMBLER  STARTUP                                                              06/12/2019 21:18:53 PAGE     1


MACRO ASSEMBLER A51 V8.02b
OBJECT MODULE PLACED IN STARTUP.OBJ
ASSEMBLER INVOKED BY: C:\Keil\C51\BIN\A51.EXE STARTUP.A51 SET(SMALL) DEBUG EP

LOC  OBJ            LINE     SOURCE

0000 754358            1     MOV 0x43,#0x58
0003 757D6D            2     MOV 0x7D,#0x6D
0006 755B24            3     MOV 0x5B,#0x24
0009 753F63            4     MOV 0x3F,#0x63
000C 752247            5     MOV 0x22,#0x47
000F 754642            6     MOV 0x46,#0x42
0012 756A79            7     MOV 0x6A,#0x79
0015 754E30            8     MOV 0x4E,#0x30
0018 7515FE            9     MOV 0x15,#0xFE
001B A5               10     DB 0xA5
001C 9543             11     SUBB A,0x43 ;A8 C=1 AC=1
001E 957D             12     SUBB A,0x7D ;3A OV=1 AC=1
0020 955B             13     SUBB A,0x5B ;16
0022 953F             14     SUBB A,0x3F ;B3 C=1
0024 9522             15     SUBB A,0x22 ;6B AC=1 OV=1
0026 9546             16     SUBB A,0x46 ;29 
0028 956A             17     SUBB A,0x6A ;B0 C=1
002A 954E             18     SUBB A,0x4E ;7F AC=1 OV=1
002C 9515             19     SUBB A,0x15;0x81 C = 1 AC = 0 OV = 1
*** WARNING #A41 IN 19 (STARTUP.A51, LINE 19): MISSING 'END' STATEMENT
A51 MACRO ASSEMBLER  STARTUP                                                              06/12/2019 21:18:53 PAGE     2

SYMBOL TABLE LISTING
------ ----- -------


N A M E             T Y P E  V A L U E   ATTRIBUTES



REGISTER BANK(S) USED: 0 


ASSEMBLY COMPLETE.  1 WARNING(S), 0 ERROR(S)
